# JRE version: OpenJDK Runtime Environment (8.0_152-b01) (build 1.8.0_152-release-1343-b01)
# Java VM: OpenJDK 64-Bit Server VM (25.152-b01 mixed mode windows-amd64 compressed oops)
Heap:
 PSYoungGen      total 146944K, used 88584K [0x00000000e0000000, 0x00000000eb280000, 0x0000000100000000)
  eden space 124928K, 57% used [0x00000000e0000000,0x00000000e4596538,0x00000000e7a00000)
  from space 22016K, 78% used [0x00000000e7a00000,0x00000000e8aebca0,0x00000000e8f80000)
  to   space 23040K, 0% used [0x00000000e9c00000,0x00000000e9c00000,0x00000000eb280000)
 ParOldGen       total 140288K, used 31274K [0x00000000a0000000, 0x00000000a8900000, 0x00000000e0000000)
  object space 140288K, 22% used [0x00000000a0000000,0x00000000a1e8a810,0x00000000a8900000)
 Metaspace       used 82714K, capacity 85616K, committed 85720K, reserved 1124352K
  class space    used 10838K, capacity 11417K, committed 11520K, reserved 1048576K
GC Heap History (10 events):
Event: 16.638 GC heap before
{Heap before GC invocations=18 (full 3):
 PSYoungGen      total 109568K, used 14427K [0x00000000e0000000, 0x00000000e9a00000, 0x0000000100000000)
  eden space 94208K, 0% used [0x00000000e0000000,0x00000000e0000000,0x00000000e5c00000)
  from space 15360K, 93% used [0x00000000e5c00000,0x00000000e6a16fc8,0x00000000e6b00000)
  to   space 16896K, 0% used [0x00000000e8980000,0x00000000e8980000,0x00000000e9a00000)
 ParOldGen       total 97792K, used 20095K [0x00000000a0000000, 0x00000000a5f80000, 0x00000000e0000000)
  object space 97792K, 20% used [0x00000000a0000000,0x00000000a139fd58,0x00000000a5f80000)
 Metaspace       used 57519K, capacity 59012K, committed 59096K, reserved 1099776K
  class space    used 7767K, capacity 8111K, committed 8192K, reserved 1048576K
Event: 16.901 GC heap after
Heap after GC invocations=18 (full 3):
 PSYoungGen      total 109568K, used 0K [0x00000000e0000000, 0x00000000e9a00000, 0x0000000100000000)
  eden space 94208K, 0% used [0x00000000e0000000,0x00000000e0000000,0x00000000e5c00000)
  from space 15360K, 0% used [0x00000000e5c00000,0x00000000e5c00000,0x00000000e6b00000)
  to   space 16896K, 0% used [0x00000000e8980000,0x00000000e8980000,0x00000000e9a00000)
 ParOldGen       total 140288K, used 29158K [0x00000000a0000000, 0x00000000a8900000, 0x00000000e0000000)
  object space 140288K, 20% used [0x00000000a0000000,0x00000000a1c79a00,0x00000000a8900000)
 Metaspace       used 57519K, capacity 59012K, committed 59096K, reserved 1099776K
  class space    used 7767K, capacity 8111K, committed 8192K, reserved 1048576K
}
Event: 19.029 GC heap before
{Heap before GC invocations=19 (full 3):
 PSYoungGen      total 109568K, used 94208K [0x00000000e0000000, 0x00000000e9a00000, 0x0000000100000000)
  eden space 94208K, 100% used [0x00000000e0000000,0x00000000e5c00000,0x00000000e5c00000)
  from space 15360K, 0% used [0x00000000e5c00000,0x00000000e5c00000,0x00000000e6b00000)
  to   space 16896K, 0% used [0x00000000e8980000,0x00000000e8980000,0x00000000e9a00000)
 ParOldGen       total 140288K, used 29158K [0x00000000a0000000, 0x00000000a8900000, 0x00000000e0000000)
  object space 140288K, 20% used [0x00000000a0000000,0x00000000a1c79a00,0x00000000a8900000)
 Metaspace       used 60456K, capacity 62228K, committed 62296K, reserved 1103872K
  class space    used 8162K, capacity 8563K, committed 8576K, reserved 1048576K
Event: 19.044 GC heap after
Heap after GC invocations=19 (full 3):
 PSYoungGen      total 121856K, used 8634K [0x00000000e0000000, 0x00000000e9200000, 0x0000000100000000)
  eden space 113152K, 0% used [0x00000000e0000000,0x00000000e0000000,0x00000000e6e80000)
  from space 8704K, 99% used [0x00000000e8980000,0x00000000e91ee900,0x00000000e9200000)
  to   space 16384K, 0% used [0x00000000e7200000,0x00000000e7200000,0x00000000e8200000)
 ParOldGen       total 140288K, used 29166K [0x00000000a0000000, 0x00000000a8900000, 0x00000000e0000000)
  object space 140288K, 20% used [0x00000000a0000000,0x00000000a1c7ba00,0x00000000a8900000)
 Metaspace       used 60456K, capacity 62228K, committed 62296K, reserved 1103872K
  class space    used 8162K, capacity 8563K, committed 8576K, reserved 1048576K
}
Event: 22.265 GC heap before
{Heap before GC invocations=20 (full 3):
 PSYoungGen      total 121856K, used 121786K [0x00000000e0000000, 0x00000000e9200000, 0x0000000100000000)
  eden space 113152K, 100% used [0x00000000e0000000,0x00000000e6e80000,0x00000000e6e80000)
  from space 8704K, 99% used [0x00000000e8980000,0x00000000e91ee900,0x00000000e9200000)
  to   space 16384K, 0% used [0x00000000e7200000,0x00000000e7200000,0x00000000e8200000)
 ParOldGen       total 140288K, used 29166K [0x00000000a0000000, 0x00000000a8900000, 0x00000000e0000000)
  object space 140288K, 20% used [0x00000000a0000000,0x00000000a1c7ba00,0x00000000a8900000)
 Metaspace       used 70075K, capacity 72082K, committed 72280K, reserved 1112064K
  class space    used 9311K, capacity 9764K, committed 9856K, reserved 1048576K
Event: 22.291 GC heap after
Heap after GC invocations=20 (full 3):
 PSYoungGen      total 133120K, used 16382K [0x00000000e0000000, 0x00000000ea280000, 0x0000000100000000)
  eden space 116736K, 0% used [0x00000000e0000000,0x00000000e0000000,0x00000000e7200000)
  from space 16384K, 99% used [0x00000000e7200000,0x00000000e81ff9b8,0x00000000e8200000)
  to   space 19456K, 0% used [0x00000000e8f80000,0x00000000e8f80000,0x00000000ea280000)
 ParOldGen       total 140288K, used 31258K [0x00000000a0000000, 0x00000000a8900000, 0x00000000e0000000)
  object space 140288K, 22% used [0x00000000a0000000,0x00000000a1e86810,0x00000000a8900000)
 Metaspace       used 70075K, capacity 72082K, committed 72280K, reserved 1112064K
  class space    used 9311K, capacity 9764K, committed 9856K, reserved 1048576K
}
Event: 26.325 GC heap before
{Heap before GC invocations=21 (full 3):
 PSYoungGen      total 133120K, used 133118K [0x00000000e0000000, 0x00000000ea280000, 0x0000000100000000)
  eden space 116736K, 100% used [0x00000000e0000000,0x00000000e7200000,0x00000000e7200000)
  from space 16384K, 99% used [0x00000000e7200000,0x00000000e81ff9b8,0x00000000e8200000)
  to   space 19456K, 0% used [0x00000000e8f80000,0x00000000e8f80000,0x00000000ea280000)
 ParOldGen       total 140288K, used 31258K [0x00000000a0000000, 0x00000000a8900000, 0x00000000e0000000)
  object space 140288K, 22% used [0x00000000a0000000,0x00000000a1e86810,0x00000000a8900000)
 Metaspace       used 78600K, capacity 81416K, committed 81624K, reserved 1120256K
  class space    used 10561K, capacity 11143K, committed 11264K, reserved 1048576K
Event: 26.349 GC heap after
Heap after GC invocations=21 (full 3):
 PSYoungGen      total 144384K, used 19378K [0x00000000e0000000, 0x00000000eaa00000, 0x0000000100000000)
  eden space 124928K, 0% used [0x00000000e0000000,0x00000000e0000000,0x00000000e7a00000)
  from space 19456K, 99% used [0x00000000e8f80000,0x00000000ea26c820,0x00000000ea280000)
  to   space 22016K, 0% used [0x00000000e7a00000,0x00000000e7a00000,0x00000000e8f80000)
 ParOldGen       total 140288K, used 31266K [0x00000000a0000000, 0x00000000a8900000, 0x00000000e0000000)
  object space 140288K, 22% used [0x00000000a0000000,0x00000000a1e88810,0x00000000a8900000)
 Metaspace       used 78600K, capacity 81416K, committed 81624K, reserved 1120256K
  class space    used 10561K, capacity 11143K, committed 11264K, reserved 1048576K
}
Event: 102.426 GC heap before
{Heap before GC invocations=22 (full 3):
 PSYoungGen      total 144384K, used 144306K [0x00000000e0000000, 0x00000000eaa00000, 0x0000000100000000)
  eden space 124928K, 100% used [0x00000000e0000000,0x00000000e7a00000,0x00000000e7a00000)
  from space 19456K, 99% used [0x00000000e8f80000,0x00000000ea26c820,0x00000000ea280000)
  to   space 22016K, 0% used [0x00000000e7a00000,0x00000000e7a00000,0x00000000e8f80000)
 ParOldGen       total 140288K, used 31266K [0x00000000a0000000, 0x00000000a8900000, 0x00000000e0000000)
  object space 140288K, 22% used [0x00000000a0000000,0x00000000a1e88810,0x00000000a8900000)
 Metaspace       used 82418K, capacity 85376K, committed 85720K, reserved 1124352K
  class space    used 10834K, capacity 11409K, committed 11520K, reserved 1048576K
Event: 102.455 GC heap after
Heap after GC invocations=22 (full 3):
 PSYoungGen      total 146944K, used 17327K [0x00000000e0000000, 0x00000000eb280000, 0x0000000100000000)
  eden space 124928K, 0% used [0x00000000e0000000,0x00000000e0000000,0x00000000e7a00000)
  from space 22016K, 78% used [0x00000000e7a00000,0x00000000e8aebca0,0x00000000e8f80000)
  to   space 23040K, 0% used [0x00000000e9c00000,0x00000000e9c00000,0x00000000eb280000)
 ParOldGen       total 140288K, used 31274K [0x00000000a0000000, 0x00000000a8900000, 0x00000000e0000000)
  object space 140288K, 22% used [0x00000000a0000000,0x00000000a1e8a810,0x00000000a8900000)
 Metaspace       used 82418K, capacity 85376K, committed 85720K, reserved 1124352K
  class space    used 10834K, capacity 11409K, committed 11520K, reserved 1048576K
}

